<?xml version="1.0" encoding="UTF-8"?>
<!-- Generated by org.testng.reporters.JUnitXMLReporter -->
<testsuite ignored="0" hostname="DESKTOP-JVN5RP9" failures="0" tests="3" name="Command line test" time="0.078" errors="0" timestamp="2021-04-22T11:33:15 IST">
  <testcase classname="ITProfound.Elaachi.AppiumTest" name="appAutomation" time="0.007"/>
  <testcase classname="ITProfound.Elaachi.RESTAPITest" name="apiAutomation" time="0.001"/>
  <testcase classname="ITProfound.Elaachi.SeleniumTest" name="browserAutomation" time="0.001"/>
</testsuite> <!-- Command line test -->
