<?xml version="1.0" encoding="UTF-8"?>
<testng-results ignored="0" total="2" passed="2" failed="0" skipped="0">
  <reporter-output>
  </reporter-output>
  <suite started-at="2021-04-22T11:35:29 IST" name="Suite" finished-at="2021-04-22T11:35:29 IST" duration-ms="82">
    <groups>
    </groups>
    <test started-at="2021-04-22T11:35:29 IST" name="Test" finished-at="2021-04-22T11:35:29 IST" duration-ms="82">
      <class name="ITProfound.Elaachi.AppiumTest">
        <test-method signature="appAutomation()[pri:0, instance:ITProfound.Elaachi.AppiumTest@19d37183]" started-at="2021-04-22T11:35:29 IST" name="appAutomation" finished-at="2021-04-22T11:35:29 IST" duration-ms="0" status="PASS">
          <reporter-output>
          </reporter-output>
        </test-method> <!-- appAutomation -->
      </class> <!-- ITProfound.Elaachi.AppiumTest -->
      <class name="ITProfound.Elaachi.SeleniumTest">
        <test-method signature="browserAutomation()[pri:0, instance:ITProfound.Elaachi.SeleniumTest@3a079870]" started-at="2021-04-22T11:35:29 IST" name="browserAutomation" finished-at="2021-04-22T11:35:29 IST" duration-ms="8" status="PASS">
          <reporter-output>
          </reporter-output>
        </test-method> <!-- browserAutomation -->
      </class> <!-- ITProfound.Elaachi.SeleniumTest -->
    </test> <!-- Test -->
  </suite> <!-- Suite -->
</testng-results>
