<?xml version="1.0" encoding="UTF-8"?>
<testsuite xmlns:xsi="http://www.w3.org/2001/XMLSchema-instance" xsi:noNamespaceSchemaLocation="https://maven.apache.org/surefire/maven-surefire-plugin/xsd/surefire-test-report.xsd" name="TestSuite" time="0.761" tests="2" errors="0" skipped="0" failures="0">
  <properties>
[...]
</properties>
  <testcase name="browserAutomation" classname="ITProfound.Elaachi.SeleniumTest" time="0.009"/>
  <testcase name="appAutomation" classname="ITProfound.Elaachi.AppiumTest" time="0.003"/>
</testsuite>