<?xml version="1.0" encoding="UTF-8"?>
<testng-results ignored="0" total="1" passed="1" failed="0" skipped="0">
  <reporter-output>
  </reporter-output>
  <suite started-at="2021-04-22T10:08:48 IST" name="Default suite" finished-at="2021-04-22T10:08:48 IST" duration-ms="82">
    <groups>
    </groups>
    <test started-at="2021-04-22T10:08:48 IST" name="Default test" finished-at="2021-04-22T10:08:48 IST" duration-ms="82">
      <class name="ITProfound.Elaachi.SeleniumTest">
        <test-method signature="browserAutomation()[pri:0, instance:ITProfound.Elaachi.SeleniumTest@44821a96]" started-at="2021-04-22T10:08:48 IST" name="browserAutomation" finished-at="2021-04-22T10:08:48 IST" duration-ms="12" status="PASS">
          <reporter-output>
          </reporter-output>
        </test-method> <!-- browserAutomation -->
      </class> <!-- ITProfound.Elaachi.SeleniumTest -->
    </test> <!-- Default test -->
  </suite> <!-- Default suite -->
</testng-results>
